<?xml version="1.0" encoding="utf-8"?>
<test-run id="2" testcasecount="1" result="Passed" total="1" passed="1" failed="0" inconclusive="0" skipped="0" asserts="0" engine-version="3.5.0.0" clr-version="4.0.30319.42000" start-time="2026-09-04 06:02:17Z" end-time="2026-09-04 06:02:18Z" duration="0.6314063">
  <test-suite type="TestSuite" id="1009" name="warukyure" fullname="warukyure" runstate="Runnable" testcasecount="1" result="Passed" start-time="2026-09-04 06:02:17Z" end-time="2026-09-04 06:02:18Z" duration="0.631406" total="1" passed="1" failed="0" inconclusive="0" skipped="0" asserts="0">
    <properties>
      <property name="platform" value="PlayMode" />
    </properties>
    <test-suite type="Assembly" id="1005" name="Warukyure.Tests.PlayMode.dll" fullname="/Users/suzukimasahiro/Unity/warukyure/Library/ScriptAssemblies/Warukyure.Tests.PlayMode.dll" runstate="Runnable" testcasecount="1" result="Passed" start-time="2026-09-04 06:02:17Z" end-time="2026-09-04 06:02:18Z" duration="0.626720" total="1" passed="1" failed="0" inconclusive="0" skipped="0" asserts="0">
      <properties>
        <property name="_PID" value="34021" />
        <property name="_APPDOMAIN" value="Unity Child Domain" />
        <property name="platform" value="PlayMode" />
        <property name="EditorOnly" value="False" />
      </properties>
      <test-suite type="TestSuite" id="1006" name="Warukyure" fullname="Warukyure" runstate="Runnable" testcasecount="1" result="Passed" start-time="2026-09-04 06:02:17Z" end-time="2026-09-04 06:02:18Z" duration="0.626349" total="1" passed="1" failed="0" inconclusive="0" skipped="0" asserts="0">
        <properties />
        <test-suite type="TestSuite" id="1007" name="Tests" fullname="Warukyure.Tests" runstate="Runnable" testcasecount="1" result="Passed" start-time="2026-09-04 06:02:17Z" end-time="2026-09-04 06:02:18Z" duration="0.626093" total="1" passed="1" failed="0" inconclusive="0" skipped="0" asserts="0">
          <properties />
          <test-suite type="TestSuite" id="1008" name="PlayMode" fullname="Warukyure.Tests.PlayMode" runstate="Runnable" testcasecount="1" result="Passed" start-time="2026-09-04 06:02:17Z" end-time="2026-09-04 06:02:18Z" duration="0.625805" total="1" passed="1" failed="0" inconclusive="0" skipped="0" asserts="0">
            <properties />
            <test-suite type="TestFixture" id="1003" name="UIStateCapture" fullname="Warukyure.Tests.PlayMode.UIStateCapture" classname="Warukyure.Tests.PlayMode.UIStateCapture" runstate="Runnable" testcasecount="1" result="Passed" start-time="2026-09-04 06:02:17Z" end-time="2026-09-04 06:02:18Z" duration="0.624878" total="1" passed="1" failed="0" inconclusive="0" skipped="0" asserts="0">
              <properties />
              <test-case id="1004" name="CaptureTitle" fullname="Warukyure.Tests.PlayMode.UIStateCapture.CaptureTitle" methodname="CaptureTitle" classname="Warukyure.Tests.PlayMode.UIStateCapture" runstate="Runnable" seed="182587686" result="Passed" start-time="2026-09-04 06:02:17Z" end-time="2026-09-04 06:02:18Z" duration="0.618475" asserts="0">
                <properties>
                  <property name="_JOINTYPE" value="UnityCombinatorial" />
                  <property name="retryIteration" value="0" />
                  <property name="repeatIteration" value="0" />
                </properties>
                <reason>
                  <message><![CDATA[UI state captured for title]]></message>
                </reason>
                <output><![CDATA[
IgnoreFailingMessages:true
Canceling DisplayDialog: [Ad-Virtua] Dependency Package Installation Required packages for Ad-Virtua iOS functionality are missing.

Package: com.unity.ads.ios-support
Purpose: IDFA retrieval on iOS 14

Install automatically?
This should not be called when not controlled by a human.
[Ad-Virtua] Manual installation of com.unity.ads.ios-support is required.
Please search for 'iOS 14 Advertising Support' in Window > Package Manager > Unity Registry.
[UIStateCapture] title: 93 objects, roundedValues=192, roundedObjects=48
Saving results to: design-state/_raw/test_results.xml
]]></output>
              </test-case>
            </test-suite>
          </test-suite>
        </test-suite>
      </test-suite>
    </test-suite>
  </test-suite>
</test-run>